<?xml version="1.0" encoding="UTF-8"?>
<!-- Generated by org.testng.reporters.JUnitXMLReporter -->
<testsuite hostname="Rahul07" ignored="0" name="Test" tests="12" failures="2" timestamp="23 Oct 2018 11:26:30 GMT" time="0.077" errors="0">
  <testcase name="test1" time="0.011" classname="RoughWork.RetryAnalyserDemoClass">
    <skipped/>
  </testcase> <!-- test1 -->
  <testcase name="test1" time="0.001" classname="RoughWork.RetryAnalyserDemoClass">
    <skipped/>
  </testcase> <!-- test1 -->
  <testcase name="test1" time="0.001" classname="RoughWork.RetryAnalyserDemoClass"/>
  <testcase name="test2" time="0.001" classname="RoughWork.RetryAnalyserDemoClass">
    <skipped/>
  </testcase> <!-- test2 -->
  <testcase name="test2" time="0.001" classname="RoughWork.RetryAnalyserDemoClass">
    <skipped/>
  </testcase> <!-- test2 -->
  <testcase name="test2" time="0.001" classname="RoughWork.RetryAnalyserDemoClass">
    <skipped/>
  </testcase> <!-- test2 -->
  <testcase name="test2" time="0.001" classname="RoughWork.RetryAnalyserDemoClass">
    <failure type="java.lang.AssertionError" message="expected [13] but found [12]">
      <![CDATA[java.lang.AssertionError: expected [13] but found [12]
at RoughWork.RetryAnalyserDemoClass.test2(RetryAnalyserDemoClass.java:32)
... Removed 31 stack frames]]>
    </failure>
  </testcase> <!-- test2 -->
  <testcase name="test3" time="0.002" classname="RoughWork.RetryAnalyserDemoClass"/>
  <testcase name="test4" time="0.001" classname="RoughWork.RetryAnalyserDemoClass">
    <skipped/>
  </testcase> <!-- test4 -->
  <testcase name="test4" time="0.001" classname="RoughWork.RetryAnalyserDemoClass">
    <skipped/>
  </testcase> <!-- test4 -->
  <testcase name="test4" time="0.001" classname="RoughWork.RetryAnalyserDemoClass">
    <skipped/>
  </testcase> <!-- test4 -->
  <testcase name="test4" time="0.001" classname="RoughWork.RetryAnalyserDemoClass">
    <failure type="java.lang.AssertionError" message="expected [13] but found [12]">
      <![CDATA[java.lang.AssertionError: expected [13] but found [12]
at RoughWork.RetryAnalyserDemoClass.test4(RetryAnalyserDemoClass.java:42)
... Removed 31 stack frames]]>
    </failure>
  </testcase> <!-- test4 -->
</testsuite> <!-- Test -->
